<?xml version="1.0" encoding="UTF-8"?>
<!-- Generated by org.testng.reporters.JUnitXMLReporter -->
<testsuite ignored="0" hostname="DESKTOP-OOBPTB3" failures="1" tests="3" name="Chrome Test" time="19.716" errors="0" timestamp="2021-12-31T17:47:08 SGT">
  <testcase classname="testCases.ExecuteLoginTest" name="validLoginTest" time="1.571"/>
  <testcase classname="testCases.ExecuteLoginTest" name="validLoginTest" time="1.949">
    <failure type="java.lang.AssertionError">
      <![CDATA[java.lang.AssertionError: 
at operation.UIOperation.perform(UIOperation.java:60)
at testCases.ExecuteTestMain.ExecuteTest(ExecuteTestMain.java:46)
at testCases.ExecuteLoginTest.validLoginTest(ExecuteLoginTest.java:61)
at java.base/java.util.ArrayList.forEach(ArrayList.java:1511)
at java.base/java.util.concurrent.FutureTask.run(FutureTask.java:264)
at java.base/java.util.concurrent.ThreadPoolExecutor.runWorker(ThreadPoolExecutor.java:1136)
at java.base/java.util.concurrent.ThreadPoolExecutor$Worker.run(ThreadPoolExecutor.java:635)
at java.base/java.lang.Thread.run(Thread.java:833)
... Removed 21 stack frames]]>
    </failure>
  </testcase> <!-- validLoginTest -->
  <testcase classname="testCases.ExecuteLoginTest" name="invalidLoginTest" time="1.11"/>
</testsuite> <!-- Chrome Test -->
