<?xml version="1.0" encoding="UTF-8"?>
<testng-results ignored="0" total="3" passed="2" failed="1" skipped="0">
  <reporter-output>
    <line>
      <![CDATA[<a href='C:\Users\jines\learnJava\seleniumPractice\.\Screenshots\validLoginTest_1640944022665.png'> <img src='C:\Users\jines\learnJava\seleniumPractice\.\Screenshots\validLoginTest_1640944022665.png' height='100' width='100'/> </a>]]>
    </line>
  </reporter-output>
  <suite started-at="2021-12-31T17:46:48 SGT" name="Suite" finished-at="2021-12-31T17:47:08 SGT" duration-ms="19716">
    <groups>
    </groups>
    <test started-at="2021-12-31T17:46:48 SGT" name="Chrome Test" finished-at="2021-12-31T17:47:08 SGT" duration-ms="19716">
      <class name="testCases.ExecuteLoginTest">
        <test-method is-config="true" signature="openDriver(java.lang.String)[pri:0, instance:testCases.ExecuteLoginTest@5d7148e2]" started-at="2021-12-31T17:46:48 SGT" name="openDriver" finished-at="2021-12-31T17:46:54 SGT" duration-ms="5678" status="PASS">
          <params>
            <param index="0">
              <value>
                <![CDATA[Chrome]]>
              </value>
            </param>
          </params>
          <reporter-output>
          </reporter-output>
        </test-method> <!-- openDriver -->
        <test-method signature="validLoginTest(java.lang.String,java.lang.String,java.lang.String,java.lang.String,java.lang.String,java.lang.String)[pri:0, instance:testCases.ExecuteLoginTest@5d7148e2]" started-at="2021-12-31T17:46:54 SGT" name="validLoginTest" data-provider="testData" finished-at="2021-12-31T17:46:56 SGT" duration-ms="1571" status="PASS">
          <params>
            <param index="0">
              <value>
                <![CDATA[Admin]]>
              </value>
            </param>
            <param index="1">
              <value>
                <![CDATA[]]>
              </value>
            </param>
            <param index="2">
              <value>
                <![CDATA[Admin123]]>
              </value>
            </param>
            <param index="3">
              <value>
                <![CDATA[Inpatient Ward]]>
              </value>
            </param>
            <param index="4">
              <value>
                <![CDATA[]]>
              </value>
            </param>
            <param index="5">
              <value>
                <![CDATA[Inpatient Ward]]>
              </value>
            </param>
          </params>
          <reporter-output>
          </reporter-output>
        </test-method> <!-- validLoginTest -->
        <test-method is-config="true" signature="closeDriver(org.testng.ITestResult)[pri:0, instance:testCases.ExecuteLoginTest@5d7148e2]" started-at="2021-12-31T17:46:56 SGT" name="closeDriver" finished-at="2021-12-31T17:46:56 SGT" duration-ms="210" status="PASS">
          <params>
            <param index="0">
              <value>
                <![CDATA[[TestResult name=validLoginTest status=SUCCESS method=ExecuteLoginTest.validLoginTest(java.lang.String,java.lang.String,java.lang.String,java.lang.String,java.lang.String,java.lang.String)[pri:0, instance:testCases.ExecuteLoginTest@5d7148e2] output={null}]]]>
              </value>
            </param>
          </params>
          <reporter-output>
          </reporter-output>
        </test-method> <!-- closeDriver -->
        <test-method is-config="true" signature="openDriver(java.lang.String)[pri:0, instance:testCases.ExecuteLoginTest@5d7148e2]" started-at="2021-12-31T17:46:56 SGT" name="openDriver" finished-at="2021-12-31T17:47:00 SGT" duration-ms="4105" status="PASS">
          <params>
            <param index="0">
              <value>
                <![CDATA[Chrome]]>
              </value>
            </param>
          </params>
          <reporter-output>
          </reporter-output>
        </test-method> <!-- openDriver -->
        <test-method signature="validLoginTest(java.lang.String,java.lang.String,java.lang.String,java.lang.String,java.lang.String,java.lang.String)[pri:0, instance:testCases.ExecuteLoginTest@5d7148e2]" started-at="2021-12-31T17:47:00 SGT" name="validLoginTest" data-provider="testData" finished-at="2021-12-31T17:47:02 SGT" duration-ms="1949" status="FAIL">
          <params>
            <param index="0">
              <value>
                <![CDATA[Admin]]>
              </value>
            </param>
            <param index="1">
              <value>
                <![CDATA[]]>
              </value>
            </param>
            <param index="2">
              <value>
                <![CDATA[Admin123]]>
              </value>
            </param>
            <param index="3">
              <value>
                <![CDATA[Pharmacy]]>
              </value>
            </param>
            <param index="4">
              <value>
                <![CDATA[]]>
              </value>
            </param>
            <param index="5">
              <value>
                <![CDATA[Inpatient Ward]]>
              </value>
            </param>
          </params>
          <exception class="java.lang.AssertionError">
            <full-stacktrace>
              <![CDATA[java.lang.AssertionError: 
at org.testng.AssertJUnit.fail(AssertJUnit.java:65)
at org.testng.AssertJUnit.assertTrue(AssertJUnit.java:23)
at org.testng.AssertJUnit.assertTrue(AssertJUnit.java:33)
at operation.UIOperation.perform(UIOperation.java:60)
at testCases.ExecuteTestMain.ExecuteTest(ExecuteTestMain.java:46)
at testCases.ExecuteLoginTest.validLoginTest(ExecuteLoginTest.java:61)
at java.base/jdk.internal.reflect.NativeMethodAccessorImpl.invoke0(Native Method)
at java.base/jdk.internal.reflect.NativeMethodAccessorImpl.invoke(NativeMethodAccessorImpl.java:77)
at java.base/jdk.internal.reflect.DelegatingMethodAccessorImpl.invoke(DelegatingMethodAccessorImpl.java:43)
at java.base/java.lang.reflect.Method.invoke(Method.java:568)
at org.testng.internal.MethodInvocationHelper.invokeMethod(MethodInvocationHelper.java:133)
at org.testng.internal.TestInvoker.invokeMethod(TestInvoker.java:598)
at org.testng.internal.TestInvoker.invokeTestMethod(TestInvoker.java:173)
at org.testng.internal.MethodRunner.runInSequence(MethodRunner.java:46)
at org.testng.internal.TestInvoker$MethodInvocationAgent.invoke(TestInvoker.java:824)
at org.testng.internal.TestInvoker.invokeTestMethods(TestInvoker.java:146)
at org.testng.internal.TestMethodWorker.invokeTestMethods(TestMethodWorker.java:146)
at org.testng.internal.TestMethodWorker.run(TestMethodWorker.java:128)
at java.base/java.util.ArrayList.forEach(ArrayList.java:1511)
at org.testng.TestRunner.privateRun(TestRunner.java:794)
at org.testng.TestRunner.run(TestRunner.java:596)
at org.testng.SuiteRunner.runTest(SuiteRunner.java:377)
at org.testng.SuiteRunner.access$000(SuiteRunner.java:28)
at org.testng.SuiteRunner$SuiteWorker.run(SuiteRunner.java:418)
at org.testng.internal.thread.ThreadUtil.lambda$execute$0(ThreadUtil.java:64)
at java.base/java.util.concurrent.FutureTask.run(FutureTask.java:264)
at java.base/java.util.concurrent.ThreadPoolExecutor.runWorker(ThreadPoolExecutor.java:1136)
at java.base/java.util.concurrent.ThreadPoolExecutor$Worker.run(ThreadPoolExecutor.java:635)
at java.base/java.lang.Thread.run(Thread.java:833)
]]>
            </full-stacktrace>
          </exception> <!-- java.lang.AssertionError -->
          <reporter-output>
          </reporter-output>
        </test-method> <!-- validLoginTest -->
        <test-method is-config="true" signature="closeDriver(org.testng.ITestResult)[pri:0, instance:testCases.ExecuteLoginTest@5d7148e2]" started-at="2021-12-31T17:47:02 SGT" name="closeDriver" finished-at="2021-12-31T17:47:02 SGT" duration-ms="317" status="PASS">
          <params>
            <param index="0">
              <value>
                <![CDATA[[TestResult name=validLoginTest status=FAILURE method=ExecuteLoginTest.validLoginTest(java.lang.String,java.lang.String,java.lang.String,java.lang.String,java.lang.String,java.lang.String)[pri:0, instance:testCases.ExecuteLoginTest@5d7148e2] output={null}]]]>
              </value>
            </param>
          </params>
          <reporter-output>
            <line>
              <![CDATA[<a href='C:\Users\jines\learnJava\seleniumPractice\.\Screenshots\validLoginTest_1640944022665.png'> <img src='C:\Users\jines\learnJava\seleniumPractice\.\Screenshots\validLoginTest_1640944022665.png' height='100' width='100'/> </a>]]>
            </line>
          </reporter-output>
        </test-method> <!-- closeDriver -->
        <test-method is-config="true" signature="openDriver(java.lang.String)[pri:0, instance:testCases.ExecuteLoginTest@5d7148e2]" started-at="2021-12-31T17:47:02 SGT" name="openDriver" finished-at="2021-12-31T17:47:06 SGT" duration-ms="4038" status="PASS">
          <params>
            <param index="0">
              <value>
                <![CDATA[Chrome]]>
              </value>
            </param>
          </params>
          <reporter-output>
          </reporter-output>
        </test-method> <!-- openDriver -->
        <test-method signature="invalidLoginTest(java.lang.String,java.lang.String,java.lang.String,java.lang.String,java.lang.String,java.lang.String)[pri:0, instance:testCases.ExecuteLoginTest@5d7148e2]" started-at="2021-12-31T17:47:06 SGT" name="invalidLoginTest" data-provider="testData" finished-at="2021-12-31T17:47:07 SGT" duration-ms="1110" status="PASS">
          <params>
            <param index="0">
              <value>
                <![CDATA[Adminrrr]]>
              </value>
            </param>
            <param index="1">
              <value>
                <![CDATA[]]>
              </value>
            </param>
            <param index="2">
              <value>
                <![CDATA[Admin123]]>
              </value>
            </param>
            <param index="3">
              <value>
                <![CDATA[Inpatient Ward]]>
              </value>
            </param>
            <param index="4">
              <value>
                <![CDATA[]]>
              </value>
            </param>
            <param index="5">
              <value>
                <![CDATA[Invalid username/password]]>
              </value>
            </param>
          </params>
          <reporter-output>
          </reporter-output>
        </test-method> <!-- invalidLoginTest -->
        <test-method is-config="true" signature="closeDriver(org.testng.ITestResult)[pri:0, instance:testCases.ExecuteLoginTest@5d7148e2]" started-at="2021-12-31T17:47:07 SGT" name="closeDriver" finished-at="2021-12-31T17:47:08 SGT" duration-ms="160" status="PASS">
          <params>
            <param index="0">
              <value>
                <![CDATA[[TestResult name=invalidLoginTest status=SUCCESS method=ExecuteLoginTest.invalidLoginTest(java.lang.String,java.lang.String,java.lang.String,java.lang.String,java.lang.String,java.lang.String)[pri:0, instance:testCases.ExecuteLoginTest@5d7148e2] output={null}]]]>
              </value>
            </param>
          </params>
          <reporter-output>
          </reporter-output>
        </test-method> <!-- closeDriver -->
      </class> <!-- testCases.ExecuteLoginTest -->
    </test> <!-- Chrome Test -->
  </suite> <!-- Suite -->
</testng-results>
